AAO78252.1	WP_011108665.1	100.000	246	0	0	1	246	1	246	0.0	514	818;171549;226186
AAO78252.1	2A2M_A	97.551	245	6	0	2	246	14	258	1.38e-177	498	226186
AAO78252.1	WP_195662386.1	59.322	236	96	0	6	241	4	239	2.01e-97	295	1871006
AAO78252.1	WP_073346898.1	59.322	236	96	0	6	241	4	239	4.04e-97	295	1871006
AAO78252.1	MCD7962432.1	56.904	239	103	0	4	242	1	239	5.74e-97	294	2049048
AAO78252.1	WP_195406687.1	59.322	236	96	0	6	241	4	239	6.90e-97	294	1871006
AAO78252.1	WP_259020328.1	58.898	236	97	0	6	241	2	237	1.30e-96	293	818
AAO78252.1	CDA87108.1	59.322	236	96	0	6	241	4	239	1.89e-96	293	1262750
AAO78252.1	WP_227188819.1	58.475	236	98	0	6	241	2	237	6.20e-96	291	818
AAO78252.1	MBV4310778.1	58.475	236	98	0	6	241	4	239	6.63e-96	291	818
AAO78252.1	WP_229532965.1	58.898	236	97	0	6	241	2	237	2.60e-91	280	821
AAO78252.1	WP_229106048.1	59.322	236	96	0	6	241	2	237	2.72e-91	280	821
AAO78252.1	WP_234128484.1	59.322	236	96	0	6	241	2	237	2.75e-91	280	818
AAO78252.1	WP_229508550.1	58.898	236	97	0	6	241	4	239	2.87e-91	280	821
AAO78252.1	MCE9236248.1	59.322	236	96	0	6	241	4	239	2.97e-91	280	818
AAO78252.1	MBO5156346.1	59.483	232	94	0	8	239	5	236	8.90e-91	278	59823
AAO78252.1	WP_134855275.1	58.475	236	98	0	6	241	4	239	9.56e-91	278	821
AAO78252.1	WP_230475135.1	58.898	236	97	0	6	241	2	237	4.76e-90	276	818
AAO78252.1	EOR97517.1	58.898	236	97	0	6	241	4	239	5.99e-90	276	1235785
AAO78252.1	WP_259001765.1	57.692	234	99	0	6	239	5	238	1.00e-88	273	674529
AAO78252.1	MCE8942323.1	57.265	234	100	0	6	239	2	235	4.62e-88	271	674529
AAO78252.1	WP_227034653.1	57.265	234	100	0	6	239	5	238	5.51e-88	271	674529
AAO78252.1	WP_192915911.1	56.780	236	102	0	6	241	5	240	3.68e-87	269	674529
AAO78252.1	KAA5267574.1	56.780	236	102	0	6	241	2	237	3.93e-87	269	674529
AAO78252.1	KAA5274630.1	56.780	236	102	0	6	241	2	237	7.56e-87	268	674529
AAO78252.1	WP_168166613.1	56.780	236	102	0	6	241	5	240	1.15e-86	268	816;674529;1739298
AAO78252.1	WP_217327177.1	53.942	241	110	1	7	246	3	243	1.23e-84	263	165179
AAO78252.1	WP_234367671.1	63.636	143	52	0	99	241	2	144	1.11e-59	196	2086575
AAO78252.1	MBV9108948.1	45.794	214	110	3	28	237	19	230	1.57e-56	191	2026742
AAO78252.1	OJJ13921.1	45.283	212	112	3	28	237	19	228	1.86e-55	188	1905359
AAO78252.1	WP_166782516.1	42.326	215	122	2	26	238	25	239	5.26e-55	187	469;106649;2587144
AAO78252.1	HAA12424.1	44.762	210	112	3	28	235	19	226	2.09e-54	185	2053541
AAO78252.1	MCG8329915.1	44.976	209	109	3	33	237	24	230	2.44e-54	185	2448779
AAO78252.1	WP_198135260.1	44.393	214	113	3	28	237	7	218	2.84e-54	184	648794
AAO78252.1	WP_066308905.1	44.860	214	110	4	28	237	19	228	4.87e-54	184	1642818
AAO78252.1	WP_224431244.1	44.393	214	113	3	28	237	7	218	5.28e-54	184	648794
AAO78252.1	WP_259237353.1	44.393	214	113	3	28	237	19	230	6.39e-54	184	257493;2940592;2940593
AAO78252.1	WP_118501722.1	44.393	214	111	4	28	237	19	228	1.14e-53	183	1714849
AAO78252.1	MBL7710767.1	41.667	216	122	3	24	237	14	227	1.95e-53	182	1869212
AAO78252.1	WP_012499220.1	45.116	215	110	4	28	237	19	230	3.31e-53	182	100716;517418
AAO78252.1	MCG8574180.1	43.396	212	116	3	28	237	19	228	3.49e-53	182	2021391
AAO78252.1	WP_218329357.1	45.327	214	111	3	28	237	19	230	9.28e-52	178	2854794
AAO78252.1	WP_252995038.1	45.327	214	111	3	28	237	34	245	1.08e-51	179	73010
AAO78252.1	WP_242378554.1	45.327	214	111	3	28	237	34	245	1.15e-51	179	73010
AAO78252.1	WP_218389057.1	44.860	214	112	3	28	237	34	245	3.26e-51	177	2854782
AAO78252.1	WP_218291627.1	44.860	214	112	3	28	237	34	245	3.72e-51	177	2854793
AAO78252.1	WP_149626228.1	41.706	211	119	3	28	236	19	227	4.21e-51	177	2607730
AAO78252.1	WP_197720907.1	44.860	214	112	3	28	237	34	245	4.87e-51	177	73010
AAO78252.1	WP_133537109.1	40.758	211	121	3	28	236	19	227	2.65e-50	174	1325435
AAO78252.1	WP_105712671.1	41.709	199	114	2	42	238	1	199	2.86e-50	174	1827285
AAO78252.1	WP_012909371.1	41.315	213	119	3	28	236	19	229	1.03e-49	173	125;530564
AAO78252.1	WP_121897937.1	44.186	215	113	4	28	237	19	231	3.34e-49	172	1852017
AAO78252.1	WP_125344594.1	39.810	211	123	3	28	236	19	227	3.19e-47	167	321269
AAO78252.1	MCE7991650.1	39.035	228	135	3	11	236	2	227	5.18e-47	166	1964215
AAO78252.1	NER24802.1	41.818	220	116	6	28	237	19	236	3.82e-45	162	2607769
AAO78252.1	NCQ92070.1	39.545	220	121	6	28	237	19	236	9.13e-43	155	2685977;2685978;2685981
AAO78252.1	MCQ5182966.1	66.038	106	36	0	104	209	3	108	1.41e-42	150	823
AAO78252.1	REJ51290.1	39.545	220	121	6	28	237	19	236	1.88e-42	155	2060474
AAO78252.1	NEO58885.1	40.000	220	120	6	28	237	19	236	1.16e-41	153	2607811
AAO78252.1	WP_236115769.1	39.908	218	122	5	27	237	18	233	2.02e-41	152	2909667
AAO78252.1	WP_207380639.1	38.767	227	127	6	20	236	11	235	3.03e-41	152	2814293
AAO78252.1	ETW93821.1	35.468	203	131	0	41	243	4	206	1.28e-40	149	1429438
AAO78252.1	PXF48067.1	37.850	214	127	3	28	236	39	251	2.22e-40	150	448386
AAO78252.1	WP_207321561.1	38.326	227	128	6	20	236	11	235	3.27e-40	149	2814292
AAO78252.1	GHV49743.1	45.062	162	88	1	76	237	1	161	1.14e-39	145	2044936
AAO78252.1	WP_051214019.1	37.931	232	129	6	19	237	4	233	1.24e-39	148	454601
AAO78252.1	WP_117394815.1	37.931	232	129	6	19	237	4	233	2.96e-39	147	454601
AAO78252.1	NQY95417.1	44.521	146	81	0	28	173	19	164	6.31e-39	143	2268179
AAO78252.1	XP_005710530.1	38.942	208	121	3	33	236	39	244	7.00e-39	145	2769
AAO78252.1	WP_207325153.1	38.356	219	123	6	28	236	19	235	1.09e-38	145	2814292
AAO78252.1	MBO6624016.1	42.051	195	106	4	48	237	3	195	1.82e-38	144	1914329
AAO78252.1	MBO6603666.1	41.969	193	105	4	50	237	2	192	1.60e-37	141	1914329
AAO78252.1	WP_208111211.1	38.813	219	123	6	27	237	18	233	1.61e-37	142	483324
AAO78252.1	MBR1693707.1	33.190	232	138	6	20	236	10	239	3.39e-35	136	1898203
AAO78252.1	WP_002614061.1	33.178	214	139	2	26	236	19	231	9.37e-35	135	41;378806
AAO78252.1	XP_022093498.1	32.743	226	141	3	20	237	31	253	1.99e-34	134	133434
AAO78252.1	XP_038050170.1	34.673	199	125	2	42	238	60	255	1.47e-33	132	46514
AAO78252.1	XP_003730491.2	35.407	209	126	4	32	238	53	254	3.42e-33	131	7668
AAO78252.1	XP_030844619.1	35.678	199	123	3	42	238	59	254	1.15e-32	130	7668
AAO78252.1	XP_030844031.1	35.678	199	123	3	42	238	59	254	1.44e-32	130	7668
AAO78252.1	XP_030844616.1	35.885	209	125	5	32	238	78	279	3.39e-32	129	7668
AAO78252.1	XP_030844615.1	35.885	209	125	5	32	238	78	279	2.01e-31	127	7668
AAO78252.1	XP_052212568.1	31.250	224	142	4	21	238	21	238	8.12e-31	125	45954
AAO78252.1	XP_022093516.1	33.014	209	114	2	42	237	64	259	2.24e-29	122	133434
AAO78252.1	HAS42904.1	41.935	155	84	4	86	237	1	152	3.36e-29	118	2053581
AAO78252.1	WP_078745630.1	30.144	209	144	2	28	236	25	231	2.91e-28	118	64969
AAO78252.1	XP_052075269.1	28.947	228	158	2	15	238	8	235	4.15e-28	117	6549
AAO78252.1	WP_038801483.1	34.054	185	118	2	28	209	24	207	8.67e-28	117	111527
AAO78252.1	XP_021377140.1	28.448	232	159	4	9	239	3	228	1.31e-27	116	6573
AAO78252.1	MBR3314682.1	33.023	215	133	5	33	236	26	240	2.09e-27	116	2485926
AAO78252.1	XP_052800071.1	30.457	197	134	2	42	235	45	241	2.40e-27	116	6604
AAO78252.1	XP_052075268.1	30.275	218	148	2	25	238	18	235	3.94e-27	115	6549
AAO78252.1	WP_232516833.1	33.516	182	117	2	28	206	24	204	4.21e-27	115	28450
AAO78252.1	WP_038722475.1	33.516	182	117	2	28	206	25	205	4.45e-27	115	28450
AAO78252.1	WP_023359741.1	30.556	216	142	3	28	236	24	238	7.16e-27	114	28450;1241583
AAO78252.1	XP_052800065.1	29.949	197	135	2	42	235	73	269	8.60e-27	115	6604
AAO78252.1	AIV52139.1	33.514	185	119	2	28	209	24	207	9.43e-27	114	1437000
AAO78252.1	WP_239693774.1	33.514	185	119	2	28	209	24	207	9.84e-27	114	28450
AAO78252.1	WP_256727712.1	33.514	185	119	2	28	209	26	209	9.98e-27	114	28450
AAO78252.1	WP_229656331.1	33.514	185	119	2	28	209	24	207	1.00e-26	114	28450
AAO78252.1	WP_235512831.1	33.514	185	119	2	28	209	26	209	1.08e-26	114	28450
AAO78252.1	WP_229653324.1	33.514	185	119	2	28	209	24	207	1.19e-26	114	28450;1249468
AAO78252.1	WP_223854489.1	33.514	185	119	2	28	209	24	207	1.27e-26	114	28450;1249472;1435372;1435991;1435994;1437003;1439859
AAO78252.1	WP_229274563.1	33.514	185	119	2	28	209	26	209	1.39e-26	114	28450
AAO78252.1	WP_259657854.1	33.514	185	119	2	28	209	24	207	1.44e-26	114	28450
AAO78252.1	ARK69056.1	33.514	185	119	2	28	209	25	208	1.46e-26	114	28450
AAO78252.1	WP_231747168.1	32.973	185	120	2	28	209	26	209	1.48e-26	114	1385590
AAO78252.1	MBR3159736.1	32.558	215	134	5	33	236	26	240	1.48e-26	114	2485926
AAO78252.1	WP_225316976.1	33.514	185	119	2	28	209	24	207	1.55e-26	114	28450;1249658;1306417
AAO78252.1	WP_225315235.1	33.514	185	119	2	28	209	26	209	1.61e-26	114	28450
AAO78252.1	EDU08025.1	33.514	185	119	2	28	209	3	186	1.89e-26	113	331109
AAO78252.1	WP_256722135.1	33.514	185	119	2	28	209	26	209	2.10e-26	113	28450
AAO78252.1	WP_232733670.1	33.514	185	119	2	28	209	24	207	2.11e-26	113	28450;32008
AAO78252.1	WP_223873551.1	33.514	185	119	2	28	209	26	209	2.16e-26	113	32008
AAO78252.1	WP_231752114.1	32.973	185	120	2	28	209	24	207	2.34e-26	113	1637842
AAO78252.1	XP_030844030.1	36.158	177	106	4	32	208	78	247	2.36e-26	114	7668
AAO78252.1	WP_259602128.1	33.514	185	119	2	28	209	37	220	2.48e-26	113	28450
AAO78252.1	WAR02110.1	28.846	208	144	3	42	245	45	252	2.60e-26	114	6604
AAO78252.1	XP_052802426.1	29.442	197	136	2	42	235	73	269	3.01e-26	114	6604
AAO78252.1	WP_259344373.1	33.514	185	119	2	28	209	24	207	3.70e-26	112	28450
AAO78252.1	XP_019617645.1	31.963	219	135	4	26	236	52	264	3.80e-26	114	7741
AAO78252.1	CAC5425173.1	31.308	214	141	3	30	238	23	235	4.06e-26	112	42192
AAO78252.1	XP_052800069.1	28.708	209	145	3	42	246	71	279	4.89e-26	114	6604
AAO78252.1	WP_256722503.1	33.514	185	119	2	28	209	26	209	5.98e-26	112	28450
AAO78252.1	WP_259644815.1	33.514	185	119	2	28	209	24	207	6.21e-26	112	28450
AAO78252.1	XP_052801802.1	28.708	209	145	3	42	246	71	279	7.27e-26	114	6604
AAO78252.1	MCM1088325.1	33.649	211	126	5	36	235	25	232	1.02e-25	111	2498093
AAO78252.1	XP_052075267.1	28.070	228	160	2	15	238	8	235	1.22e-25	111	6549
AAO78252.1	WAR02169.1	28.708	209	145	3	42	246	71	279	1.31e-25	113	6604
AAO78252.1	WP_231892035.1	32.432	185	121	2	28	209	24	207	1.46e-25	111	1636425
AAO78252.1	CAC5425770.1	29.500	200	138	1	42	238	1	200	3.31e-25	109	42192
AAO78252.1	WP_086479089.1	29.851	201	140	1	36	236	45	244	4.23e-25	110	1434821
AAO78252.1	XP_052797734.1	30.500	200	136	2	42	238	67	266	7.53e-25	110	6604
AAO78252.1	XP_052797733.1	30.500	200	136	2	42	238	68	267	7.78e-25	110	6604
AAO78252.1	WP_259676355.1	33.516	182	117	2	28	206	26	206	1.00e-24	109	28450
AAO78252.1	VBP05719.1	33.516	182	117	2	28	206	24	204	1.22e-24	108	28450
AAO78252.1	XP_052227269.1	25.822	213	156	1	28	238	27	239	1.54e-24	108	45954
AAO78252.1	OPL33125.1	28.070	228	160	2	15	238	8	235	1.72e-24	108	29158
AAO78252.1	XP_052802377.1	30.846	201	136	2	42	239	64	264	1.78e-24	108	6604
AAO78252.1	VDI32424.1	30.047	213	145	2	30	238	23	235	1.83e-24	108	29158
AAO78252.1	XP_015760767.1	31.381	239	135	10	9	236	19	239	2.21e-24	108	70779
AAO78252.1	XP_021377162.1	30.392	204	137	2	35	235	41	242	2.23e-24	108	6573
AAO78252.1	XP_052798545.1	30.500	200	136	2	42	238	67	266	2.27e-24	108	6604
AAO78252.1	XP_052802120.1	31.000	200	135	2	42	238	64	263	2.27e-24	108	6604
AAO78252.1	XP_052798544.1	30.500	200	136	2	42	238	68	267	2.55e-24	108	6604
AAO78252.1	CAB4016354.1	30.476	210	138	4	30	236	35	239	2.63e-24	108	317549
AAO78252.1	XP_027049566.1	31.746	189	120	4	55	236	37	223	3.35e-24	107	46731
AAO78252.1	KAI8511724.1	30.734	218	137	4	27	236	355	566	3.97e-24	112	7741
AAO78252.1	XP_033749938.1	30.973	226	140	5	18	235	9	226	4.09e-24	107	6579
AAO78252.1	CAH1265317.1	32.394	213	137	5	26	236	31	238	5.41e-24	107	7740
AAO78252.1	XP_052286866.1	25.822	213	156	1	28	238	27	239	5.89e-24	107	45954
AAO78252.1	XP_038068553.1	28.821	229	157	4	13	237	27	253	6.03e-24	107	46514
AAO78252.1	XP_044176822.1	30.631	222	134	8	25	236	28	239	6.28e-24	107	45264
AAO78252.1	XP_044176810.1	30.000	240	146	9	7	236	12	239	6.62e-24	107	45264
AAO78252.1	XP_044176820.1	31.364	220	131	8	27	236	30	239	8.34e-24	107	45264
AAO78252.1	XP_044176818.1	30.909	220	132	8	27	236	30	239	9.26e-24	107	45264
AAO78252.1	XP_044176816.1	30.909	220	132	8	27	236	30	239	9.46e-24	107	45264
AAO78252.1	NRE46958.1	35.625	160	99	2	50	206	2	160	9.64e-24	105	28450;342113
AAO78252.1	RMX41355.1	31.746	189	120	4	55	236	96	282	1.03e-23	107	46731
AAO78252.1	XP_044176814.1	30.000	240	146	9	7	236	12	239	1.05e-23	106	45264
AAO78252.1	CAG2251094.1	27.706	231	157	3	15	238	8	235	1.36e-23	106	6550
AAO78252.1	XP_028657201.2	31.553	206	132	6	34	235	38	238	1.68e-23	105	27687
AAO78252.1	XP_021377138.1	28.502	207	137	2	35	235	4	205	1.71e-23	106	6573
AAO78252.1	MBW4672456.1	35.948	153	95	2	42	192	36	187	1.87e-23	105	2839659
AAO78252.1	XP_021377137.1	27.962	211	141	2	31	235	41	246	1.97e-23	107	6573
AAO78252.1	XP_020625043.1	29.126	206	140	3	33	233	32	236	2.29e-23	105	48498
AAO78252.1	WP_254564068.1	27.826	230	157	4	9	233	2	227	2.30e-23	107	2954806
AAO78252.1	WP_128832243.1	31.443	194	125	3	50	236	2	194	2.53e-23	104	28450
AAO78252.1	WP_154235112.1	35.625	160	99	2	50	206	2	160	2.76e-23	104	28450
AAO78252.1	XP_021377135.1	27.962	211	141	2	31	235	57	262	2.96e-23	107	6573
AAO78252.1	XP_021377136.1	27.962	211	141	2	31	235	45	250	3.42e-23	106	6573
AAO78252.1	WP_143281142.1	34.969	163	102	2	50	209	2	163	3.55e-23	103	28450
AAO78252.1	WP_111952238.1	34.969	163	102	2	50	209	2	163	4.26e-23	103	28450
AAO78252.1	XP_052800067.1	28.426	197	138	2	42	235	45	241	4.96e-23	104	6604
AAO78252.1	WP_111963042.1	35.625	160	99	2	50	206	2	160	6.37e-23	103	28450;32008;1290412;1290413;1290414;1290415
AAO78252.1	WP_143292595.1	34.969	163	102	2	50	209	2	163	6.64e-23	103	28450
AAO78252.1	XP_045192634.1	27.350	234	157	5	8	235	4	230	7.78e-23	103	6596
AAO78252.1	XP_052798102.1	28.426	197	138	2	42	235	45	241	8.05e-23	104	6604
AAO78252.1	MCM1144885.1	31.100	209	136	4	36	236	25	233	1.35e-22	103	1955243;2028282
AAO78252.1	WP_108033887.1	35.000	160	100	2	50	206	2	160	1.89e-22	102	1385591
AAO78252.1	XP_052797735.1	33.775	151	100	0	42	192	68	218	2.40e-22	103	6604
AAO78252.1	WP_122632739.1	35.625	160	99	2	50	206	2	160	2.42e-22	101	28450
AAO78252.1	WAR02117.1	36.154	130	83	0	42	171	252	381	5.04e-22	105	6604
AAO78252.1	WAR02117.1	30.405	148	102	1	42	188	45	192	1.23e-17	92.8	6604
AAO78252.1	XP_039608874.1	29.612	206	136	5	34	235	18	218	5.81e-22	101	55291
AAO78252.1	XP_028412868.1	30.085	236	151	6	4	236	27	251	6.37e-22	102	151771
AAO78252.1	WP_152615976.1	34.356	163	103	2	50	209	2	163	7.66e-22	100	28450
AAO78252.1	WAR02170.1	29.412	204	134	4	42	241	73	270	1.34e-21	103	6604
AAO78252.1	WP_259649867.1	33.333	150	97	1	28	174	26	175	1.52e-21	99.8	28450
AAO78252.1	XP_052248469.1	27.041	196	141	1	42	235	17	212	1.85e-21	100	45954
AAO78252.1	XP_045173390.1	29.000	200	133	2	42	235	27	223	1.85e-21	100	6596
AAO78252.1	VBL77151.1	33.333	150	97	1	28	174	24	173	1.89e-21	99.4	28450
AAO78252.1	XP_028412847.1	28.241	216	147	4	24	236	24	234	2.14e-21	100	151771
AAO78252.1	WAR02111.1	29.412	204	134	4	42	241	73	270	2.52e-21	103	6604
AAO78252.1	XP_020903754.1	31.720	186	116	3	56	233	61	243	3.17e-21	100	2652724
AAO78252.1	XP_043938478.1	34.146	205	126	6	36	236	38	237	4.75e-21	99.4	7888
AAO78252.1	XP_052799166.1	31.061	132	91	0	42	173	45	176	8.89e-21	97.4	6604
AAO78252.1	XP_045192636.1	28.571	210	142	3	32	235	23	230	9.68e-21	98.6	6596
AAO78252.1	XP_052075271.1	27.586	232	160	3	15	238	8	239	1.02e-20	98.6	6549
AAO78252.1	XP_046871482.1	31.818	198	126	6	42	236	12	203	3.16e-20	97.1	137520
AAO78252.1	VDI50242.1	29.630	162	113	1	15	175	8	169	6.45e-20	94.7	29158
AAO78252.1	VDI50241.1	29.630	162	113	1	15	175	8	169	6.88e-20	94.7	29158
AAO78252.1	KAH3823320.1	30.137	146	102	0	28	173	27	172	7.06e-20	95.1	45954
AAO78252.1	RMX41353.1	37.037	135	79	3	55	185	48	180	7.17e-20	94.7	46731
AAO78252.1	MCG8574541.1	41.935	93	54	0	42	134	1	93	9.42e-20	92.0	2021391
AAO78252.1	XP_015217116.1	30.732	205	129	6	37	236	36	232	1.07e-19	95.9	7918
AAO78252.1	KAH3823321.1	30.137	146	102	0	28	173	27	172	1.09e-19	95.5	45954
AAO78252.1	XP_033751116.1	30.542	203	126	4	39	236	5	197	1.21e-19	94.7	6579
AAO78252.1	XP_052232984.1	27.861	201	139	3	42	238	49	247	1.26e-19	95.9	45954
AAO78252.1	XP_046846899.1	29.592	196	132	3	46	236	65	259	1.81e-19	96.3	2897299
AAO78252.1	XP_045208400.1	26.601	203	138	4	42	237	29	227	2.20e-19	95.1	6596
AAO78252.1	XP_045193184.1	25.106	235	169	5	17	246	5	237	3.31e-19	94.7	6596
AAO78252.1	XP_052799156.1	31.538	130	89	0	42	171	45	174	8.03e-19	92.0	6604
AAO78252.1	XP_001636921.2	29.583	240	143	9	12	233	15	246	2.20e-18	92.8	45351
AAO78252.1	MBD5492913.1	28.761	226	143	6	29	236	18	243	2.62e-18	92.4	1898203
AAO78252.1	MCO5554051.1	30.732	205	134	6	37	233	62	266	2.82e-18	92.8	2759587
AAO78252.1	XP_020602320.1	29.167	192	131	3	46	233	58	248	2.84e-18	92.8	48498
AAO78252.1	XP_028407799.1	27.273	231	146	5	23	236	68	293	3.18e-18	93.2	151771
AAO78252.1	XP_020602281.1	29.167	192	131	3	46	233	119	309	5.63e-18	92.8	48498
AAO78252.1	XP_033751089.1	28.500	200	135	4	41	235	19	215	6.77e-18	90.5	6579
AAO78252.1	XP_052245484.1	26.289	194	141	1	42	233	66	259	9.46e-18	91.3	45954
AAO78252.1	CAC5368566.1	25.381	197	144	2	42	235	61	257	2.31e-17	90.1	42192
AAO78252.1	MCO5605367.1	28.641	206	138	5	33	233	56	257	2.36e-17	90.1	2759587
AAO78252.1	XP_044166690.1	30.244	205	133	7	36	234	57	257	3.93e-17	89.7	45264
AAO78252.1	EDO44858.1	28.750	240	145	9	12	233	15	246	4.07e-17	89.4	45351
AAO78252.1	CAC5368565.1	25.381	197	144	2	42	235	75	271	4.14e-17	89.7	42192
AAO78252.1	XP_028670513.1	31.000	200	133	4	37	234	41	237	4.26e-17	89.0	27687
AAO78252.1	XP_041096159.1	31.818	198	126	5	42	236	51	242	4.32e-17	89.0	7913
AAO78252.1	XP_021375612.1	26.667	195	140	1	42	236	13	204	4.79e-17	88.2	6573
AAO78252.1	XP_039608768.1	28.856	201	138	4	37	235	10	207	5.43e-17	87.8	55291
AAO78252.1	XP_021375613.1	27.179	195	139	1	42	236	13	204	6.09e-17	87.8	6573
AAO78252.1	MCG8454917.1	32.370	173	109	3	68	233	1	172	6.89e-17	87.0	2478486
AAO78252.1	XP_052075270.1	29.518	166	114	1	76	238	1	166	7.23e-17	86.7	6549
AAO78252.1	XP_015766209.1	32.979	188	114	7	55	236	78	259	9.58e-17	88.6	70779
AAO78252.1	VDI43265.1	24.873	197	145	2	42	235	70	266	1.04e-16	88.6	29158
AAO78252.1	XP_052093061.1	24.878	205	151	2	34	235	70	274	1.07e-16	88.6	6549
AAO78252.1	XP_043938556.1	29.412	204	137	5	35	236	32	230	1.71e-16	87.0	7888
AAO78252.1	XP_043938557.1	29.412	204	137	5	35	236	32	230	1.80e-16	87.0	7888
AAO78252.1	CAB4003239.1	30.612	147	90	3	53	192	22	163	1.91e-16	85.9	317549
AAO78252.1	XP_052093058.1	24.878	205	151	2	34	235	84	288	1.92e-16	88.2	6549
AAO78252.1	XP_015766211.1	31.383	188	117	7	55	236	78	259	2.53e-16	87.4	70779
AAO78252.1	MCO5571000.1	28.139	231	158	6	12	234	38	268	2.58e-16	87.4	2759587
AAO78252.1	XP_052093060.1	24.873	197	145	2	42	235	83	279	2.98e-16	87.4	6549
AAO78252.1	XP_052093059.1	24.873	197	145	2	42	235	83	279	3.17e-16	87.4	6549
AAO78252.1	XP_029210462.2	32.447	188	115	7	55	236	78	259	5.02e-16	86.7	45264
AAO78252.1	XP_052093057.1	24.873	197	145	2	42	235	97	293	5.04e-16	87.0	6549
AAO78252.1	XP_018610467.1	27.536	207	146	3	31	236	29	232	1.01e-15	85.5	113540
AAO78252.1	XP_028658786.1	27.941	204	136	5	37	235	10	207	1.31e-15	84.3	27687
AAO78252.1	KGC51248.1	32.353	136	88	2	77	209	1	135	2.48e-15	82.4	28450;1434209
AAO78252.1	AIO12757.1	32.353	136	88	2	77	209	1	135	2.69e-15	82.4	28450;557724;1086032;1086033;1247713;1249469;1306420;1306421;1408264;1434192;1434194;1434198;1434199;1434200;1434202;1434203;1434204;1434206;1434211;1434927;1435050;1435363;1435369;1435984;1435987;1435992;1439854;1439855;1439856;1439857;1439860;1439861
AAO78252.1	VDI32426.1	28.916	166	115	1	76	238	1	166	3.41e-15	82.0	29158
AAO78252.1	XP_021375624.1	26.396	197	136	3	42	235	13	203	4.13e-15	82.8	6573
AAO78252.1	WP_004553849.1	32.353	136	88	2	77	209	1	135	4.35e-15	82.0	28450;884204;1085027;1306419;2020481;2020482;2020483;2020484
AAO78252.1	XP_038153220.1	31.156	199	127	6	41	236	55	246	4.38e-15	84.0	77115
AAO78252.1	XP_036380957.1	29.858	211	142	5	28	237	25	230	6.31e-15	82.8	118141
AAO78252.1	XP_045173397.1	27.879	165	110	2	77	235	39	200	1.13e-14	82.0	6596
AAO78252.1	XP_044166688.1	30.978	184	119	6	55	234	78	257	1.32e-14	82.8	45264
AAO78252.1	WP_234367670.1	51.389	72	35	0	6	77	12	83	1.44e-14	78.2	2086575
AAO78252.1	XP_023657898.1	28.000	225	151	5	14	236	16	231	2.38e-14	81.6	1676925
AAO78252.1	CAC5397942.1	24.510	204	144	4	42	242	97	293	2.49e-14	82.4	42192
AAO78252.1	KAG7484926.1	29.557	203	138	4	35	236	52	250	2.83e-14	81.6	7932
AAO78252.1	XP_043938341.1	29.412	204	129	7	38	235	37	231	3.83e-14	80.9	7888
AAO78252.1	XP_039620521.1	27.014	211	127	4	37	234	41	237	4.02e-14	80.9	55291
AAO78252.1	KGS70506.1	31.618	136	89	2	77	209	1	135	4.21e-14	79.3	1435371
AAO78252.1	XP_043984437.1	28.638	213	144	5	27	236	47	254	4.33e-14	81.3	33528
AAO78252.1	CAG5862834.1	30.846	201	128	8	41	236	346	540	4.90e-14	83.2	238744
AAO78252.1	CAG5862834.1	27.966	236	158	10	4	236	28	254	4.47e-12	77.4	238744
AAO78252.1	MCO5550464.1	27.511	229	149	6	15	233	23	244	9.83e-14	80.1	2759587
AAO78252.1	VDI32425.1	26.761	213	133	3	30	238	23	216	1.33e-13	79.0	29158
AAO78252.1	MCO5572393.1	28.947	228	149	8	19	233	17	244	1.77e-13	79.3	2759587
AAO78252.1	XP_011472088.2	29.108	213	141	7	26	236	68	272	1.88e-13	80.1	8090
AAO78252.1	MCO5604186.1	27.805	205	137	5	38	233	77	279	1.88e-13	79.7	2759587
AAO78252.1	XP_036379824.1	28.774	212	145	5	28	238	25	231	2.16e-13	79.0	118141
AAO78252.1	KAH7295993.1	24.103	195	140	4	42	233	15	204	2.42e-13	78.2	49495
AAO78252.1	KAH7296003.1	25.128	195	138	4	42	233	12	201	4.82e-13	77.4	49495
AAO78252.1	MCO5552520.1	26.923	208	140	4	34	233	31	234	5.52e-13	77.8	2759587
AAO78252.1	MCO5580476.1	27.404	208	139	4	34	233	32	235	6.20e-13	77.8	2759587
AAO78252.1	XP_028254851.1	28.293	205	127	6	41	236	12	205	9.57e-13	76.6	210632
AAO78252.1	XP_022526869.1	28.019	207	132	9	38	236	27	224	1.19e-12	76.6	7994
AAO78252.1	RXN27468.1	26.341	205	146	4	34	236	6	207	1.26e-12	76.3	84645
AAO78252.1	XP_041935027.1	25.980	204	144	6	36	236	29	228	1.68e-12	76.3	34773
AAO78252.1	XP_051745946.1	26.341	205	146	4	34	236	22	223	1.71e-12	76.3	7959
AAO78252.1	XP_052074199.1	27.326	172	115	2	77	238	1	172	1.80e-12	75.1	6549
AAO78252.1	XP_050963038.1	26.341	205	146	4	34	236	19	220	2.14e-12	75.9	84645
AAO78252.1	WP_259643802.1	32.759	116	75	1	33	145	29	144	2.16e-12	73.9	28450
AAO78252.1	RXN25705.1	26.341	205	146	4	34	236	53	254	2.84e-12	76.3	84645
AAO78252.1	XP_047230824.1	28.571	203	136	6	38	237	2	198	3.15e-12	75.1	208333
AAO78252.1	XP_031419341.1	29.064	203	130	8	41	236	6	201	3.16e-12	75.1	7950
AAO78252.1	ROL55269.1	27.143	210	142	7	31	236	55	257	4.61e-12	75.5	495550
AAO78252.1	KAI4881387.1	27.136	199	137	6	42	236	70	264	5.06e-12	75.5	148989
AAO78252.1	XP_020557642.1	26.214	206	142	5	34	236	69	267	5.75e-12	75.9	8090
AAO78252.1	AIO66433.1	32.143	112	75	1	98	209	10	120	6.20e-12	73.2	342113;441163
AAO78252.1	XP_028515794.1	27.570	214	140	7	31	233	38	247	7.45e-12	75.1	2652724
AAO78252.1	KXJ12476.1	27.570	214	140	7	31	233	50	259	7.47e-12	75.5	2652724
AAO78252.1	XP_021375600.1	28.144	167	113	4	73	235	16	179	1.53e-11	72.8	6573
AAO78252.1	XP_018939025.2	25.854	205	147	4	34	236	19	220	1.60e-11	73.6	7962
AAO78252.1	XP_050964184.1	27.411	197	138	4	42	236	38	231	1.90e-11	73.6	84645
AAO78252.1	WP_004542663.1	31.897	116	78	1	94	209	6	120	2.05e-11	71.6	28450;425067;1249470;1249471;1249473;1249474;1249476;1249477;1249659;1335307;1434196;1434197;1434201;1434205;1434207;1434210;1434926;1434928;1435362;1435365;1435982;1435985;1435989;1435997;1435999;1436999;1437002;1439852
AAO78252.1	XP_002947967.1	27.885	208	130	8	41	233	30	232	2.06e-11	73.6	3068
AAO78252.1	XP_038153216.1	30.000	200	129	7	41	236	56	248	2.37e-11	73.6	77115
AAO78252.1	MCO5555977.1	25.962	208	142	4	34	233	32	235	2.43e-11	73.6	2759587
AAO78252.1	XP_038153218.1	30.000	200	129	7	41	236	55	247	2.53e-11	73.6	77115
AAO78252.1	XP_038153217.1	30.000	200	129	7	41	236	55	247	2.53e-11	73.6	77115
AAO78252.1	XP_052438227.1	24.878	205	149	4	34	236	19	220	2.55e-11	72.8	101364
AAO78252.1	KTF92611.1	25.854	205	147	4	34	236	6	207	2.67e-11	72.8	7962
AAO78252.1	XP_038153219.1	30.000	200	129	7	41	236	54	246	2.90e-11	73.2	77115
AAO78252.1	XP_048123973.1	26.768	198	138	6	42	236	37	230	2.95e-11	72.8	278164
AAO78252.1	AJX81978.1	32.110	109	73	1	98	206	10	117	3.81e-11	70.9	28450;441156
AAO78252.1	OWF39784.1	27.647	170	116	4	70	235	6	172	3.94e-11	71.2	6573
AAO78252.1	NP_001314821.1	26.768	198	135	6	42	235	31	222	4.35e-11	72.4	7955
AAO78252.1	XP_041935026.1	26.768	198	138	6	42	236	37	230	4.42e-11	72.4	34773
AAO78252.1	KVE38151.1	31.250	112	76	1	98	209	10	120	4.50e-11	70.9	1385590
AAO78252.1	XP_051745942.1	24.155	207	153	3	31	236	26	229	5.95e-11	72.0	7959
AAO78252.1	KAI7791942.1	26.512	215	150	6	25	236	14	223	6.78e-11	72.0	992332
AAO78252.1	XP_035384286.1	29.146	199	133	6	42	236	31	225	7.43e-11	71.6	8005
AAO78252.1	RXN25707.1	26.904	197	139	4	42	236	11	204	7.58e-11	71.2	84645
AAO78252.1	AOJ03408.1	31.250	112	76	1	98	209	10	120	9.15e-11	70.1	1385591
AAO78252.1	KGS54580.1	33.333	108	71	1	102	209	2	108	9.15e-11	69.7	1434932
AAO78252.1	XP_051977064.1	25.854	205	145	5	34	236	51	250	1.09e-10	71.6	154827
AAO78252.1	XP_034169182.1	26.263	198	138	6	42	236	33	225	1.35e-10	71.2	310915
AAO78252.1	XP_050964183.1	26.904	197	139	4	42	236	38	231	1.47e-10	71.2	84645
AAO78252.1	XP_026778565.2	26.768	198	137	6	42	236	33	225	1.55e-10	70.9	310915
AAO78252.1	KAF4114807.1	24.020	204	150	4	34	235	18	218	1.80e-10	70.5	369639
AAO78252.1	KAG2485010.1	27.638	199	127	6	55	239	53	248	2.08e-10	70.9	47281
AAO78252.1	XP_034168966.1	26.263	198	138	6	42	236	33	225	2.27e-10	70.5	310915
AAO78252.1	XP_034168967.1	26.263	198	138	6	42	236	33	225	2.61e-10	70.1	310915
AAO78252.1	XP_026066257.1	23.902	205	151	4	34	236	19	220	3.59e-10	69.7	7957
AAO78252.1	XP_022102439.1	25.373	134	95	2	106	237	5	135	3.66e-10	67.8	133434
AAO78252.1	KAH7296004.1	23.656	186	134	4	52	234	32	212	3.75e-10	69.7	49495
AAO78252.1	KAG5267591.1	25.843	178	126	5	42	217	37	210	5.72e-10	70.9	278164
AAO78252.1	RXN25706.1	26.214	206	140	6	33	236	111	306	6.00e-10	70.5	84645
AAO78252.1	XP_030844614.1	31.092	119	77	3	122	238	3	118	6.22e-10	67.0	7668
AAO78252.1	KAI4873822.1	27.805	205	138	7	36	236	39	237	6.57e-10	69.3	148989
AAO78252.1	XP_030844617.1	30.769	117	80	1	122	238	3	118	6.97e-10	66.6	7668
AAO78252.1	WAR02168.1	30.556	108	75	0	42	149	66	173	7.00e-10	69.3	6604
AAO78252.1	XP_016299471.1	25.225	222	156	5	17	236	18	231	7.69e-10	68.9	1608454
AAO78252.1	XP_041934843.1	28.218	202	134	6	42	238	12	207	8.07e-10	68.6	34773
AAO78252.1	XP_041935028.1	26.866	201	134	7	42	236	31	224	9.30e-10	68.6	34773
AAO78252.1	XP_015760746.1	28.889	135	88	5	105	236	58	187	9.75e-10	68.2	70779
AAO78252.1	XP_035676371.1	32.812	128	77	2	42	169	62	180	9.95e-10	67.8	7739
AAO78252.1	CAG5862816.1	33.813	139	83	6	42	175	7	141	1.07e-09	68.2	238744
AAO78252.1	XP_036431453.1	26.263	198	139	6	42	236	29	222	1.09e-09	68.6	42526
AAO78252.1	XP_036431452.1	26.263	198	139	6	42	236	30	223	1.26e-09	68.2	42526
AAO78252.1	XP_016412745.1	25.854	205	147	4	34	236	19	220	1.32e-09	68.2	307959
AAO78252.1	XP_050964185.1	27.083	192	135	4	47	236	2	190	1.39e-09	67.8	84645
AAO78252.1	XP_048124523.1	29.557	203	130	8	42	238	12	207	1.45e-09	67.8	278164
AAO78252.1	MCH9662939.1	26.368	201	139	4	41	236	5	201	1.88e-09	67.4	1913989
AAO78252.1	XP_047442923.1	24.895	237	172	5	2	236	27	259	2.02e-09	68.6	48193
AAO78252.1	XP_026065175.1	23.445	209	153	5	31	236	27	231	2.35e-09	67.8	7957
AAO78252.1	XP_043093600.1	23.902	205	151	4	34	236	17	218	2.62e-09	67.4	1606681
AAO78252.1	XP_046729920.1	26.866	201	133	8	42	236	30	222	2.77e-09	67.4	175797
AAO78252.1	XP_051977065.1	25.243	206	146	6	34	236	22	222	3.28e-09	67.0	154827
AAO78252.1	OUR70401.1	44.444	81	39	3	161	237	1	79	3.52e-09	63.5	1856277
AAO78252.1	XP_043938526.1	25.743	202	143	5	37	236	34	230	3.56e-09	67.4	7888
AAO78252.1	XP_030844028.1	45.833	72	39	0	42	113	59	130	3.60e-09	65.5	7668
AAO78252.1	XP_026078621.1	24.390	205	150	4	34	236	19	220	3.63e-09	67.0	7957
AAO78252.1	XP_035987197.1	25.728	206	146	5	34	236	44	245	3.70e-09	67.4	8078
AAO78252.1	XP_030844032.1	42.857	84	44	2	32	115	53	132	3.94e-09	65.1	7668
AAO78252.1	XP_051977066.1	25.243	206	146	6	34	236	22	222	4.05e-09	67.0	154827
AAO78252.1	XP_021354828.1	24.623	199	144	3	41	235	8	204	4.45e-09	66.6	6573
AAO78252.1	WP_011819719.1	24.378	201	143	6	41	235	6	203	5.97e-09	66.2	1219;167542
AAO78252.1	XP_038153221.1	29.146	199	132	8	42	236	44	237	6.27e-09	66.6	77115
AAO78252.1	XP_012728438.2	28.643	199	133	8	42	236	43	236	9.57e-09	66.2	8078
AAO78252.1	KAI7813428.1	25.359	209	145	6	35	239	26	227	1.03e-08	66.2	992332
AAO78252.1	XP_042594753.1	24.402	209	151	5	31	236	27	231	1.04e-08	65.9	7962
AAO78252.1	XP_042577634.1	24.390	205	150	4	34	236	17	218	1.09e-08	65.9	7962
AAO78252.1	XP_042577633.1	24.390	205	150	4	34	236	19	220	1.10e-08	65.9	7962
AAO78252.1	XP_051745943.1	24.390	205	150	4	34	236	22	223	1.33e-08	65.5	7959
AAO78252.1	XP_039523769.1	25.854	205	147	4	34	236	20	221	1.73e-08	65.1	90988
AAO78252.1	XP_031438727.1	25.628	199	139	5	42	236	11	204	1.81e-08	64.7	7950
AAO78252.1	MCO5601012.1	23.834	193	143	3	42	233	21	210	1.87e-08	65.1	2759587
AAO78252.1	XP_039523768.1	25.854	205	147	4	34	236	23	224	2.07e-08	65.1	90988
AAO78252.1	XP_043092315.1	23.445	209	155	4	30	236	25	230	2.26e-08	65.1	1606681
AAO78252.1	ROI29856.1	27.404	208	139	6	34	236	22	222	2.27e-08	64.7	495550
AAO78252.1	MCQ9202494.1	25.871	201	140	6	41	235	6	203	2.60e-08	64.3	2774498;2774499
AAO78252.1	XP_051748217.1	25.000	188	137	3	50	236	24	208	2.61e-08	64.3	7959
AAO78252.1	XP_016121575.1	25.366	205	148	4	34	236	19	220	2.66e-08	64.7	75366
AAO78252.1	XP_020602319.1	29.167	144	96	3	46	185	76	217	2.95e-08	64.7	48498
AAO78252.1	WP_213448330.1	24.757	206	143	6	37	236	2	201	5.41e-08	63.5	1795
AAO78252.1	XP_012728425.2	25.000	196	142	4	42	235	65	257	5.68e-08	64.3	8078
AAO78252.1	WP_032521881.1	25.248	202	140	6	41	235	6	203	6.30e-08	63.5	1219;93057
AAO78252.1	WP_241474056.1	24.757	206	143	6	37	236	2	201	8.81e-08	62.8	1795
AAO78252.1	XP_036453224.1	24.876	201	138	5	42	236	19	212	8.85e-08	63.2	42526
AAO78252.1	WP_030137346.1	24.757	206	143	6	37	236	2	201	9.35e-08	62.8	1795
AAO78252.1	MBO6973217.1	25.000	200	143	5	41	235	6	203	1.06e-07	62.8	2774507
AAO78252.1	CAG2188435.1	25.000	136	102	0	51	186	1	136	1.20e-07	61.6	6550
AAO78252.1	WP_004527841.1	34.091	88	57	1	122	209	2	88	1.39e-07	60.5	28450;1434195;1434925;1434930;1434931;1435048;1435049;1435364;1435370;1435374;1435983;1435986;1435990;1435993;1435995;1435996;1435998;1437001;1437004;1437005;1439858
AAO78252.1	WP_036464073.1	24.757	206	143	6	37	236	2	201	1.70e-07	62.0	1795
AAO78252.1	XP_017538799.1	25.500	200	138	7	42	236	32	225	1.77e-07	62.4	42514
AAO78252.1	MCO5577505.1	25.714	175	118	4	67	233	1	171	2.05e-07	61.6	2759587
AAO78252.1	KGD20239.1	34.091	88	57	1	122	209	51	137	2.12e-07	61.2	28450
AAO78252.1	WP_103860099.1	34.091	88	57	1	122	209	2	88	2.28e-07	60.1	28450
AAO78252.1	XP_051745945.1	24.390	205	150	4	34	236	22	223	2.59e-07	62.0	7959
AAO78252.1	XP_007547150.1	24.390	205	147	4	33	236	93	290	2.78e-07	62.8	48698
AAO78252.1	KAF4676645.1	26.066	211	144	7	33	235	9	215	3.15e-07	63.5	330153
AAO78252.1	XP_006792118.1	26.263	198	139	6	42	236	27	220	3.47e-07	61.6	32507
AAO78252.1	MYC87996.1	25.962	208	144	5	35	235	2	206	3.83e-07	61.2	2448054
AAO78252.1	XP_039511905.1	27.136	199	135	7	42	236	40	232	4.06e-07	61.6	90988
AAO78252.1	WP_149446196.1	24.876	201	141	6	41	236	6	201	4.39e-07	60.8	2024613
AAO78252.1	KAH7296005.1	24.038	208	138	7	37	233	48	246	4.71e-07	61.6	49495
AAO78252.1	WP_011131994.1	24.000	200	143	5	42	235	7	203	4.81e-07	60.8	1219;59919;190047
AAO78252.1	TSP90494.1	24.747	198	141	6	42	236	22	214	5.44e-07	60.8	175774
AAO78252.1	CAE6921021.1	24.510	204	138	4	42	235	46	243	5.90e-07	61.6	1519616
AAO78252.1	KAG1955423.1	27.638	199	134	7	42	236	38	230	6.10e-07	60.8	90988
AAO78252.1	KAI5056667.1	24.227	194	141	4	42	233	102	291	6.33e-07	61.6	13818
AAO78252.1	WP_209107907.1	25.248	202	140	6	41	235	6	203	6.67e-07	60.5	1219;2053477;2716487
AAO78252.1	KTF92610.1	23.121	173	129	3	31	201	27	197	6.99e-07	60.5	7962
AAO78252.1	XP_037388369.1	23.762	202	139	5	42	236	19	212	7.12e-07	60.5	42514
AAO78252.1	WP_083056334.1	24.390	205	145	6	37	236	2	201	7.21e-07	60.5	564198
AAO78252.1	MBI2547928.1	25.248	202	138	7	41	235	20	215	7.25e-07	60.5	2026803
AAO78252.1	KAF4079704.1	26.131	199	137	8	42	236	31	223	7.26e-07	60.5	219545
AAO78252.1	WP_069403373.1	24.510	204	144	6	38	236	2	200	7.52e-07	60.5	152142
AAO78252.1	XP_037388392.1	23.762	202	139	5	42	236	19	212	8.26e-07	60.5	42514
AAO78252.1	WP_209105843.1	24.378	201	143	6	41	235	6	203	8.53e-07	60.1	1219;2054182;2716489
AAO78252.1	XP_022533733.2	25.243	206	145	7	35	236	47	247	9.30e-07	60.5	7994
AAO78252.1	WP_264057531.1	25.854	205	142	6	37	236	2	201	9.98e-07	60.1	117567
AAO78252.1	WP_002808407.1	24.000	200	145	5	41	235	6	203	9.99e-07	60.1	1219;93058
AAO78252.1	XP_031438568.1	25.628	199	139	5	42	236	39	232	1.00e-06	60.5	7950
AAO78252.1	XP_031438567.1	25.628	199	139	5	42	236	41	234	1.00e-06	60.5	7950
AAO78252.1	CAE7851058.1	24.020	204	139	4	42	235	23	220	1.05e-06	60.5	1628268
AAO78252.1	CAE7818410.1	24.510	204	138	4	42	235	121	318	1.10e-06	61.2	2951
AAO78252.1	WP_209082974.1	25.126	199	142	5	42	235	7	203	1.10e-06	59.7	1219;2053476;2716486
AAO78252.1	MCQ9199803.1	24.500	200	144	5	41	235	6	203	1.11e-06	59.7	2774510
AAO78252.1	OLP98497.1	24.510	204	138	4	42	235	419	616	1.23e-06	61.6	2951
AAO78252.1	XP_037388364.1	23.762	202	139	5	42	236	19	212	1.24e-06	59.7	42514
AAO78252.1	WP_075487616.1	24.876	201	142	6	41	235	6	203	1.37e-06	59.7	1219
AAO78252.1	WP_209112528.1	23.500	200	146	5	41	235	6	203	1.45e-06	59.7	1219;2716481;2774500
AAO78252.1	CAE7213174.1	24.510	204	138	4	42	235	329	526	1.46e-06	61.2	230985
AAO78252.1	XP_048013257.1	25.974	231	154	9	14	236	9	230	1.50e-06	59.7	75352
AAO78252.1	XP_021354840.1	25.871	201	137	6	42	235	20	215	1.54e-06	59.7	6573
AAO78252.1	XP_042078159.1	27.363	201	133	8	42	236	13	206	1.79e-06	59.3	8153
AAO78252.1	OWF49818.1	25.871	201	137	6	42	235	45	240	1.94e-06	59.7	6573
AAO78252.1	WP_012007157.1	24.000	200	145	5	41	235	6	203	1.95e-06	59.3	1219;93060
AAO78252.1	RNL53898.1	24.413	213	147	4	33	233	291	501	2.04e-06	60.8	409290
AAO78252.1	WP_183164539.1	24.413	213	147	4	33	233	294	504	2.17e-06	60.5	409290
AAO78252.1	XP_016390901.1	23.301	206	151	5	34	236	19	220	2.20e-06	59.3	307959
AAO78252.1	MBF3605372.1	30.851	94	62	1	77	167	1	94	2.21e-06	56.6	28450
AAO78252.1	MCC6861140.1	24.057	212	155	3	38	245	2	211	2.68e-06	58.9	2026791
AAO78252.1	WP_011375922.1	24.500	200	144	5	41	235	6	203	2.70e-06	58.9	1219;74546;167547
AAO78252.1	XP_014908373.1	22.458	236	171	8	8	238	8	236	2.70e-06	59.3	48699
AAO78252.1	WP_075439404.1	24.752	202	141	6	41	235	6	203	2.95e-06	58.5	1219
AAO78252.1	XP_043984439.1	25.854	205	142	8	38	238	41	239	2.95e-06	59.3	33528
AAO78252.1	WP_064395149.1	24.390	205	145	6	37	236	2	201	3.33e-06	58.5	114977;2048550
AAO78252.1	KUI05532.1	24.390	205	145	6	37	236	2	201	3.46e-06	58.5	114977
AAO78252.1	XP_014908374.1	24.757	206	143	8	38	238	8	206	3.48e-06	58.5	48699
AAO78252.1	XP_017349799.2	28.141	199	133	8	42	236	100	292	3.57e-06	59.3	7998
AAO78252.1	CAB3980180.1	29.412	102	69	2	135	236	2	100	3.58e-06	56.6	317549
AAO78252.1	XP_014859046.1	22.458	236	171	8	8	238	8	236	3.69e-06	58.9	48698;48701
AAO78252.1	XP_027006962.1	25.126	199	139	7	42	236	32	224	3.94e-06	58.5	1234273
AAO78252.1	PLS86661.1	25.728	206	142	7	42	240	7	208	4.05e-06	58.5	2900548
AAO78252.1	MCR8539664.1	24.378	201	143	6	41	235	6	203	4.24e-06	58.2	2774512
AAO78252.1	WP_219886041.1	23.944	213	148	4	33	233	294	504	4.64e-06	59.7	2861279
AAO78252.1	KAH7296135.1	22.727	220	149	7	42	244	58	273	4.79e-06	58.9	49495
AAO78252.1	KAH7434541.1	22.642	212	143	6	29	233	26	223	4.92e-06	58.5	49495
AAO78252.1	KAH7296136.1	22.727	220	149	7	42	244	50	265	5.49e-06	58.5	49495
AAO78252.1	XP_043915619.1	24.091	220	122	9	25	222	19	215	5.57e-06	58.2	7888
AAO78252.1	KAH7296137.1	22.727	220	149	7	42	244	46	261	5.82e-06	58.5	49495
AAO78252.1	WP_269610745.1	23.000	200	147	4	41	235	6	203	8.60e-06	57.4	1219
AAO78252.1	WP_154200153.1	25.000	212	142	7	41	241	10	215	8.78e-06	57.4	2499681
AAO78252.1	WP_090343176.1	24.390	205	145	6	37	236	2	201	8.94e-06	57.4	1566886
AAO78252.1	XP_007576628.1	24.757	206	143	8	38	238	39	237	8.98e-06	57.8	48698;48701
AAO78252.1	MBR5346759.1	22.705	207	148	5	37	236	2	203	8.99e-06	57.4	2026735
